Started GET "/users" for ::1 at 2022-11-09 15:46:18 -0800

ActiveRecord::NoDatabaseError - We could not find your database: first_routes_n_controllers_development. Which can be found in the database configuration file located at config/database.yml.
To resolve this issue:
- Did you create the database for this app, or delete it? You may need to create your database.
- Has the database name changed? Check your database.yml config has the correct database name.
To create your database, run:
        bin/rails db:create:

Started GET "/users" for ::1 at 2022-11-09 15:47:02 -0800

ActiveRecord::NoDatabaseError - We could not find your database: first_routes_n_controllers_development. Which can be found in the database configuration file located at config/database.yml.
To resolve this issue:
- Did you create the database for this app, or delete it? You may need to create your database.
- Has the database name changed? Check your database.yml config has the correct database name.
To create your database, run:
        bin/rails db:create:

  [1m[35m (113.3ms)[0m  [1m[35mCREATE DATABASE "first_routes_n_controllers_development" ENCODING = 'unicode'[0m
  [1m[35m (48.6ms)[0m  [1m[35mCREATE DATABASE "first_routes_n_controllers_test" ENCODING = 'unicode'[0m
Started GET "/users" for ::1 at 2022-11-09 15:47:38 -0800

AbstractController::ActionNotFound - The action 'index' could not be found for UsersController:

Started GET "/users" for ::1 at 2022-11-09 15:48:53 -0800

SyntaxError - syntax error, unexpected constant, expecting `end'
    render :json User.all
                 ^~~~:
  app/controllers/users_controller.rb:5:in `'

Started GET "/users" for ::1 at 2022-11-09 15:50:20 -0800
Processing by UsersController#index as */*
No template found for UsersController#index, rendering head :no_content
Completed 204 No Content in 3ms (ActiveRecord: 0.0ms | Allocations: 274)


Started GET "/users" for ::1 at 2022-11-09 15:50:59 -0800
Processing by UsersController#index as */*
Completed 500 Internal Server Error in 9ms (ActiveRecord: 0.0ms | Allocations: 2708)



ActionView::MissingTemplate - Missing template users/Hello!, application/Hello! with {:locale=>[:en], :formats=>[:html, :text, :js, :css, :ics, :csv, :vcf, :vtt, :png, :jpeg, :gif, :bmp, :tiff, :svg, :mpeg, :mp3, :ogg, :m4a, :webm, :mp4, :otf, :ttf, :woff, :woff2, :xml, :rss, :atom, :yaml, :multipart_form, :url_encoded_form, :json, :pdf, :zip, :gzip], :variants=>[], :handlers=>[:raw, :erb, :html, :builder, :ruby]}.
Searched in:
  * "/Users/tom/Documents/app_academy/aa-w6d3/first_routes_n_controllers/app/views"
Did you mean?  layouts/application:
  app/controllers/users_controller.rb:7:in `index'

Started GET "/users" for ::1 at 2022-11-09 15:51:15 -0800

SyntaxError - syntax error, unexpected local variable or method, expecting `end'
   render :json text
                ^~~~:
  app/controllers/users_controller.rb:7:in `'

Started GET "/users" for ::1 at 2022-11-09 15:51:27 -0800

SyntaxError - syntax error, unexpected local variable or method, expecting `end'
   render :text text
                ^~~~:
  app/controllers/users_controller.rb:7:in `'

Started GET "/users" for ::1 at 2022-11-09 15:51:38 -0800

SyntaxError - syntax error, unexpected local variable or method, expecting `end'
   render :text abc
                ^~~:
  app/controllers/users_controller.rb:7:in `'

Started GET "/users" for ::1 at 2022-11-09 15:52:20 -0800
Processing by UsersController#index as */*
No template found for UsersController#index, rendering head :no_content
Completed 204 No Content in 5ms (ActiveRecord: 0.0ms | Allocations: 136)


Started GET "/users" for ::1 at 2022-11-09 15:52:44 -0800
Processing by UsersController#index as HTML
Completed 406 Not Acceptable in 2ms (ActiveRecord: 0.0ms | Allocations: 680)



ActionController::MissingExactTemplate - UsersController#index is missing a template for request formats: text/html:

Started POST "/__better_errors/4c2dd7dca0aeac2f/variables" for ::1 at 2022-11-09 15:52:44 -0800
Started GET "/users" for ::1 at 2022-11-09 15:52:51 -0800
Processing by UsersController#index as HTML
Completed 406 Not Acceptable in 2ms (ActiveRecord: 0.0ms | Allocations: 632)



ActionController::MissingExactTemplate - UsersController#index is missing a template for request formats: text/html:

Started POST "/__better_errors/a584b511c2bd6f20/variables" for ::1 at 2022-11-09 15:52:51 -0800
Started GET "/users" for ::1 at 2022-11-09 16:18:15 -0800
Processing by UsersController#index as */*
No template found for UsersController#index, rendering head :no_content
Completed 204 No Content in 1ms (ActiveRecord: 0.0ms | Allocations: 664)


Started GET "/users" for ::1 at 2022-11-09 16:18:56 -0800
Processing by UsersController#index as */*
  Rendering text template
  Rendered text template (Duration: 0.0ms | Allocations: 13)
Completed 200 OK in 4ms (Views: 3.8ms | ActiveRecord: 0.0ms | Allocations: 1325)


Started GET "/users" for ::1 at 2022-11-09 16:20:46 -0800
Processing by UsersController#index as HTML
  Rendering text template
  Rendered text template (Duration: 0.0ms | Allocations: 5)
Completed 200 OK in 0ms (Views: 0.2ms | ActiveRecord: 0.0ms | Allocations: 167)


Started GET "/users?fav_food=pizza" for ::1 at 2022-11-09 16:27:10 -0800
Processing by UsersController#index as */*
  Parameters: {"fav_food"=>"pizza"}
  Rendering text template
  Rendered text template (Duration: 0.0ms | Allocations: 5)
Completed 200 OK in 1ms (Views: 0.4ms | Allocations: 147)


Started GET "/users?fav_food=pizza" for ::1 at 2022-11-09 16:28:09 -0800
Processing by UsersController#index as */*
  Parameters: {"fav_food"=>"pizza"}
  Rendering text template
  Rendered text template (Duration: 0.0ms | Allocations: 4)
Completed 200 OK in 3ms (Views: 2.7ms | Allocations: 145)


Started GET "/users?fav_food=pizza&admin=true" for ::1 at 2022-11-09 16:29:13 -0800
Processing by UsersController#index as */*
  Parameters: {"fav_food"=>"pizza", "admin"=>"true"}
  Rendering text template
  Rendered text template (Duration: 0.0ms | Allocations: 4)
Completed 200 OK in 1ms (Views: 0.6ms | Allocations: 145)


Started GET "/users" for ::1 at 2022-11-09 16:29:59 -0800
Processing by UsersController#index as */*
  Rendering text template
  Rendered text template (Duration: 0.0ms | Allocations: 4)
Completed 200 OK in 0ms (Views: 0.4ms | Allocations: 145)


Started POST "/users" for ::1 at 2022-11-09 16:31:23 -0800

AbstractController::ActionNotFound - The action 'create' could not be found for UsersController:

Started POST "/users" for ::1 at 2022-11-09 16:32:29 -0800
Processing by UsersController#create as */*
  Parameters: {"fav_food"=>"pizza"}
Completed 200 OK in 0ms (Views: 0.1ms | Allocations: 247)


Started POST "/users?fav_drink=water" for ::1 at 2022-11-09 16:34:06 -0800
Processing by UsersController#create as */*
  Parameters: {"fav_food"=>"pizza", "fav_drink"=>"water"}
Completed 200 OK in 3ms (Views: 2.6ms | Allocations: 115)


Started POST "/users?fav_drink=water" for ::1 at 2022-11-09 16:36:50 -0800
Processing by UsersController#create as */*
  Parameters: {"fav_food"=>"pizza", "fav_drink"=>"water"}
  Rendering text template
  Rendered text template (Duration: 0.0ms | Allocations: 7)
Completed 200 OK in 0ms (Views: 0.3ms | Allocations: 437)


Started GET "/users/1" for ::1 at 2022-11-09 16:39:06 -0800

AbstractController::ActionNotFound - The action 'show' could not be found for UsersController:

Started GET "/users/1" for ::1 at 2022-11-09 16:40:01 -0800
Processing by UsersController#show as */*
  Parameters: {"id"=>"1"}
Completed 200 OK in 0ms (Views: 0.1ms | Allocations: 202)


Started GET "/users/1" for ::1 at 2022-11-09 16:41:43 -0800
Processing by UsersController#show as */*
  Parameters: {"id"=>"1"}
Completed 200 OK in 0ms (Views: 0.2ms | Allocations: 106)


Started POST "/users/1" for ::1 at 2022-11-09 16:42:02 -0800
  
ActionController::RoutingError (No route matches [POST] "/users/1"):
  
Started POST "/users" for ::1 at 2022-11-09 16:42:10 -0800
Processing by UsersController#create as */*
Completed 200 OK in 1ms (Views: 0.2ms | Allocations: 141)


Started POST "/users" for ::1 at 2022-11-09 16:42:45 -0800
Processing by UsersController#create as */*
Completed 200 OK in 0ms (Views: 0.1ms | Allocations: 193)


Started POST "/users" for ::1 at 2022-11-09 16:44:07 -0800
Processing by UsersController#create as */*
Completed 200 OK in 1ms (Views: 0.4ms | Allocations: 97)


Started PATCH "/users" for ::1 at 2022-11-09 16:44:15 -0800
  
ActionController::RoutingError (No route matches [PATCH] "/users"):
  
Started PUT "/users" for ::1 at 2022-11-09 16:44:21 -0800
  
ActionController::RoutingError (No route matches [PUT] "/users"):
  
Started POST "/users" for ::1 at 2022-11-09 16:44:53 -0800
Processing by UsersController#create as */*
Completed 200 OK in 0ms (Views: 0.3ms | Allocations: 194)


Started POST "/users?some_category[a_key]=[FILTERED]&some_category[a_second_key]=[FILTERED]&some_category[inner_inner_hash][key]=value&something_else=aaahhhhh" for ::1 at 2022-11-09 16:45:23 -0800
Processing by UsersController#create as */*
  Parameters: {"some_category"=>{"a_key"=>"[FILTERED]", "a_second_key"=>"[FILTERED]", "inner_inner_hash"=>{"key"=>"value"}}, "something_else"=>"aaahhhhh"}
Completed 200 OK in 1ms (Views: 0.3ms | Allocations: 148)


Started POST "/users" for ::1 at 2022-11-09 16:46:17 -0800
Processing by UsersController#create as */*
Completed 200 OK in 0ms (Views: 0.2ms | Allocations: 97)


Started GET "/users?some_category[a_key]=[FILTERED]&some_category[a_second_key]=[FILTERED]&some_category[inner_inner_hash][key]=value&something_else=aaahhhhh" for ::1 at 2022-11-09 16:46:32 -0800
Processing by UsersController#index as */*
  Parameters: {"some_category"=>{"a_key"=>"[FILTERED]", "a_second_key"=>"[FILTERED]", "inner_inner_hash"=>{"key"=>"value"}}, "something_else"=>"aaahhhhh"}
  Rendering text template
  Rendered text template (Duration: 0.0ms | Allocations: 7)
Completed 200 OK in 2ms (Views: 2.1ms | Allocations: 379)


Started GET "/users?some_category[a_key]=[FILTERED]&some_category[a_second_key]=[FILTERED]&some_category[inner_inner_hash][key]=value&something_else=aaahhhhh" for ::1 at 2022-11-09 16:46:52 -0800
Processing by UsersController#index as */*
  Parameters: {"some_category"=>{"a_key"=>"[FILTERED]", "a_second_key"=>"[FILTERED]", "inner_inner_hash"=>{"key"=>"value"}}, "something_else"=>"aaahhhhh"}
Completed 200 OK in 0ms (Views: 0.3ms | Allocations: 243)


Started GET "/users" for ::1 at 2022-11-09 16:47:10 -0800
Processing by UsersController#index as */*
Completed 200 OK in 1ms (Views: 0.4ms | Allocations: 97)


Started GET "/users" for ::1 at 2022-11-09 16:47:50 -0800
Processing by UsersController#index as */*
Completed 200 OK in 0ms (Views: 0.2ms | ActiveRecord: 0.0ms | Allocations: 367)


Started POST "/users" for ::1 at 2022-11-09 16:48:07 -0800
Processing by UsersController#create as */*
Completed 200 OK in 1ms (Views: 1.1ms | ActiveRecord: 0.0ms | Allocations: 158)


Started POST "/users?some_category[a_key]=[FILTERED]&some_category[a_second_key]=[FILTERED]&some_category[inner_inner_hash][key]=value&something_else=aaahhhhh" for ::1 at 2022-11-09 16:48:32 -0800
Processing by UsersController#create as */*
  Parameters: {"some_category"=>{"a_key"=>"[FILTERED]", "a_second_key"=>"[FILTERED]", "inner_inner_hash"=>{"key"=>"value"}}, "something_else"=>"aaahhhhh"}
Completed 200 OK in 1ms (Views: 0.6ms | ActiveRecord: 0.0ms | Allocations: 208)


Started POST "/users" for ::1 at 2022-11-09 16:49:13 -0800
Processing by UsersController#create as */*
Completed 200 OK in 0ms (Views: 0.2ms | ActiveRecord: 0.0ms | Allocations: 101)


Started POST "/users?some_category[a_key]=[FILTERED]&some_category[a_second_key]=[FILTERED]&some_category[inner_inner_hash][key]=value&something_else=aaahhhhh" for ::1 at 2022-11-09 16:49:33 -0800
Processing by UsersController#create as */*
  Parameters: {"some_category"=>{"a_key"=>"[FILTERED]", "a_second_key"=>"[FILTERED]", "inner_inner_hash"=>{"key"=>"value"}}, "something_else"=>"aaahhhhh"}
Completed 200 OK in 0ms (Views: 0.2ms | ActiveRecord: 0.0ms | Allocations: 150)


  [1m[35m (16.8ms)[0m  [1m[35mCREATE TABLE "schema_migrations" ("version" character varying NOT NULL PRIMARY KEY)[0m
  [1m[35m (1.4ms)[0m  [1m[35mCREATE TABLE "ar_internal_metadata" ("key" character varying NOT NULL PRIMARY KEY, "value" character varying, "created_at" timestamp(6) NOT NULL, "updated_at" timestamp(6) NOT NULL)[0m
  [1m[35m (0.4ms)[0m  [1m[34mSELECT pg_try_advisory_lock(3098519158422106965)[0m
  [1m[36mActiveRecord::SchemaMigration Pluck (0.4ms)[0m  [1m[34mSELECT "schema_migrations"."version" FROM "schema_migrations" ORDER BY "schema_migrations"."version" ASC[0m
Migrating to CreateUsers (20221110005311)
  [1m[36mTRANSACTION (0.0ms)[0m  [1m[35mBEGIN[0m
  [1m[35m (2.7ms)[0m  [1m[35mCREATE TABLE "users" ("id" bigserial primary key, "name" character varying NOT NULL, "email" character varying NOT NULL, "created_at" timestamp(6) NOT NULL, "updated_at" timestamp(6) NOT NULL)[0m
  [1m[36mActiveRecord::SchemaMigration Create (0.4ms)[0m  [1m[32mINSERT INTO "schema_migrations" ("version") VALUES ($1) RETURNING "version"[0m  [["version", "20221110005311"]]
  [1m[36mTRANSACTION (0.4ms)[0m  [1m[35mCOMMIT[0m
  [1m[36mActiveRecord::InternalMetadata Load (0.1ms)[0m  [1m[34mSELECT "ar_internal_metadata".* FROM "ar_internal_metadata" WHERE "ar_internal_metadata"."key" = $1 LIMIT $2[0m  [["key", "environment"], ["LIMIT", 1]]
  [1m[36mTRANSACTION (0.1ms)[0m  [1m[35mBEGIN[0m
  [1m[36mActiveRecord::InternalMetadata Create (0.4ms)[0m  [1m[32mINSERT INTO "ar_internal_metadata" ("key", "value", "created_at", "updated_at") VALUES ($1, $2, $3, $4) RETURNING "key"[0m  [["key", "environment"], ["value", "development"], ["created_at", "2022-11-10 00:54:51.587916"], ["updated_at", "2022-11-10 00:54:51.587916"]]
  [1m[36mTRANSACTION (0.1ms)[0m  [1m[35mCOMMIT[0m
  [1m[35m (0.1ms)[0m  [1m[34mSELECT pg_advisory_unlock(3098519158422106965)[0m
  [1m[36mActiveRecord::SchemaMigration Pluck (0.3ms)[0m  [1m[34mSELECT "schema_migrations"."version" FROM "schema_migrations" ORDER BY "schema_migrations"."version" ASC[0m
  [1m[36mActiveRecord::SchemaMigration Pluck (0.8ms)[0m  [1m[34mSELECT "schema_migrations"."version" FROM "schema_migrations" ORDER BY "schema_migrations"."version" ASC[0m
  [1m[36mActiveRecord::SchemaMigration Pluck (1.0ms)[0m  [1m[34mSELECT "schema_migrations"."version" FROM "schema_migrations" ORDER BY "schema_migrations"."version" ASC[0m
  [1m[36mTRANSACTION (0.1ms)[0m  [1m[35mBEGIN[0m
  [1m[36mUser Create (2.3ms)[0m  [1m[32mINSERT INTO "users" ("name", "email", "created_at", "updated_at") VALUES ($1, $2, $3, $4) RETURNING "id"[0m  [["name", "Alice"], ["email", "alice@gmail.com"], ["created_at", "2022-11-10 00:59:53.876708"], ["updated_at", "2022-11-10 00:59:53.876708"]]
  [1m[36mTRANSACTION (0.6ms)[0m  [1m[35mCOMMIT[0m
  [1m[36mTRANSACTION (0.0ms)[0m  [1m[35mBEGIN[0m
  [1m[36mUser Create (0.3ms)[0m  [1m[32mINSERT INTO "users" ("name", "email", "created_at", "updated_at") VALUES ($1, $2, $3, $4) RETURNING "id"[0m  [["name", "Bob"], ["email", "bob@gmail.com"], ["created_at", "2022-11-10 00:59:53.881448"], ["updated_at", "2022-11-10 00:59:53.881448"]]
  [1m[36mTRANSACTION (0.3ms)[0m  [1m[35mCOMMIT[0m
  [1m[36mTRANSACTION (0.1ms)[0m  [1m[35mBEGIN[0m
  [1m[36mUser Create (0.3ms)[0m  [1m[32mINSERT INTO "users" ("name", "email", "created_at", "updated_at") VALUES ($1, $2, $3, $4) RETURNING "id"[0m  [["name", "Charlie"], ["email", "charlie@gmail.com"], ["created_at", "2022-11-10 00:59:53.886905"], ["updated_at", "2022-11-10 00:59:53.886905"]]
  [1m[36mTRANSACTION (0.1ms)[0m  [1m[35mCOMMIT[0m
  [1m[36mTRANSACTION (0.0ms)[0m  [1m[35mBEGIN[0m
  [1m[36mUser Create (0.2ms)[0m  [1m[32mINSERT INTO "users" ("name", "email", "created_at", "updated_at") VALUES ($1, $2, $3, $4) RETURNING "id"[0m  [["name", "Dennis"], ["email", "dennis@gmail.com"], ["created_at", "2022-11-10 00:59:53.888513"], ["updated_at", "2022-11-10 00:59:53.888513"]]
  [1m[36mTRANSACTION (0.2ms)[0m  [1m[35mCOMMIT[0m
  [1m[36mTRANSACTION (0.0ms)[0m  [1m[35mBEGIN[0m
  [1m[36mUser Create (0.1ms)[0m  [1m[32mINSERT INTO "users" ("name", "email", "created_at", "updated_at") VALUES ($1, $2, $3, $4) RETURNING "id"[0m  [["name", "Edward"], ["email", "edward@gmail.com"], ["created_at", "2022-11-10 00:59:53.890125"], ["updated_at", "2022-11-10 00:59:53.890125"]]
  [1m[36mTRANSACTION (0.1ms)[0m  [1m[35mCOMMIT[0m
  [1m[35m (18.2ms)[0m  [1m[35mCREATE TABLE "schema_migrations" ("version" character varying NOT NULL PRIMARY KEY)[0m
  [1m[35m (1.5ms)[0m  [1m[35mCREATE TABLE "ar_internal_metadata" ("key" character varying NOT NULL PRIMARY KEY, "value" character varying, "created_at" timestamp(6) NOT NULL, "updated_at" timestamp(6) NOT NULL)[0m
  [1m[36mActiveRecord::SchemaMigration Pluck (0.2ms)[0m  [1m[34mSELECT "schema_migrations"."version" FROM "schema_migrations" ORDER BY "schema_migrations"."version" ASC[0m
  [1m[36mActiveRecord::SchemaMigration Pluck (0.5ms)[0m  [1m[34mSELECT "schema_migrations"."version" FROM "schema_migrations" ORDER BY "schema_migrations"."version" ASC[0m
  [1m[36mActiveRecord::SchemaMigration Pluck (0.2ms)[0m  [1m[34mSELECT "schema_migrations"."version" FROM "schema_migrations" ORDER BY "schema_migrations"."version" ASC[0m
  [1m[35m (20.5ms)[0m  [1m[35mDROP DATABASE IF EXISTS "first_routes_n_controllers_development"[0m
  [1m[35m (28.6ms)[0m  [1m[35mDROP DATABASE IF EXISTS "first_routes_n_controllers_test"[0m
  [1m[35m (81.9ms)[0m  [1m[35mCREATE DATABASE "first_routes_n_controllers_development" ENCODING = 'unicode'[0m
  [1m[35m (39.3ms)[0m  [1m[35mCREATE DATABASE "first_routes_n_controllers_test" ENCODING = 'unicode'[0m
  [1m[35mSQL (0.1ms)[0m  [1m[35mCREATE EXTENSION IF NOT EXISTS "plpgsql"[0m
  [1m[35m (0.1ms)[0m  [1m[35mDROP TABLE IF EXISTS "users" CASCADE[0m
  [1m[35m (3.0ms)[0m  [1m[35mCREATE TABLE "users" ("id" bigserial primary key, "name" character varying NOT NULL, "email" character varying NOT NULL, "created_at" timestamp(6) NOT NULL, "updated_at" timestamp(6) NOT NULL)[0m
  [1m[35m (1.4ms)[0m  [1m[35mCREATE TABLE "schema_migrations" ("version" character varying NOT NULL PRIMARY KEY)[0m
  [1m[36mActiveRecord::SchemaMigration Pluck (0.2ms)[0m  [1m[34mSELECT "schema_migrations"."version" FROM "schema_migrations" ORDER BY "schema_migrations"."version" ASC[0m
  [1m[35m (0.3ms)[0m  [1m[32mINSERT INTO "schema_migrations" (version) VALUES (20221110005311)[0m
  [1m[35m (1.2ms)[0m  [1m[35mCREATE TABLE "ar_internal_metadata" ("key" character varying NOT NULL PRIMARY KEY, "value" character varying, "created_at" timestamp(6) NOT NULL, "updated_at" timestamp(6) NOT NULL)[0m
  [1m[36mActiveRecord::InternalMetadata Load (0.1ms)[0m  [1m[34mSELECT "ar_internal_metadata".* FROM "ar_internal_metadata" WHERE "ar_internal_metadata"."key" = $1 LIMIT $2[0m  [["key", "environment"], ["LIMIT", 1]]
  [1m[36mTRANSACTION (0.1ms)[0m  [1m[35mBEGIN[0m
  [1m[36mActiveRecord::InternalMetadata Create (0.3ms)[0m  [1m[32mINSERT INTO "ar_internal_metadata" ("key", "value", "created_at", "updated_at") VALUES ($1, $2, $3, $4) RETURNING "key"[0m  [["key", "environment"], ["value", "development"], ["created_at", "2022-11-10 01:13:34.253122"], ["updated_at", "2022-11-10 01:13:34.253122"]]
  [1m[36mTRANSACTION (0.1ms)[0m  [1m[35mCOMMIT[0m
  [1m[36mActiveRecord::InternalMetadata Load (0.1ms)[0m  [1m[34mSELECT "ar_internal_metadata".* FROM "ar_internal_metadata" WHERE "ar_internal_metadata"."key" = $1 LIMIT $2[0m  [["key", "environment"], ["LIMIT", 1]]
  [1m[36mActiveRecord::InternalMetadata Load (0.1ms)[0m  [1m[34mSELECT "ar_internal_metadata".* FROM "ar_internal_metadata" WHERE "ar_internal_metadata"."key" = $1 LIMIT $2[0m  [["key", "schema_sha1"], ["LIMIT", 1]]
  [1m[36mTRANSACTION (0.0ms)[0m  [1m[35mBEGIN[0m
  [1m[36mActiveRecord::InternalMetadata Create (0.1ms)[0m  [1m[32mINSERT INTO "ar_internal_metadata" ("key", "value", "created_at", "updated_at") VALUES ($1, $2, $3, $4) RETURNING "key"[0m  [["key", "schema_sha1"], ["value", "ec552f943f5786be6c8bcf09db128b5fa66c3e9b"], ["created_at", "2022-11-10 01:13:34.257741"], ["updated_at", "2022-11-10 01:13:34.257741"]]
  [1m[36mTRANSACTION (0.1ms)[0m  [1m[35mCOMMIT[0m
  [1m[35mSQL (0.2ms)[0m  [1m[35mCREATE EXTENSION IF NOT EXISTS "plpgsql"[0m
  [1m[35m (0.1ms)[0m  [1m[35mDROP TABLE IF EXISTS "users" CASCADE[0m
  [1m[35m (2.9ms)[0m  [1m[35mCREATE TABLE "users" ("id" bigserial primary key, "name" character varying NOT NULL, "email" character varying NOT NULL, "created_at" timestamp(6) NOT NULL, "updated_at" timestamp(6) NOT NULL)[0m
  [1m[35m (1.0ms)[0m  [1m[35mCREATE TABLE "schema_migrations" ("version" character varying NOT NULL PRIMARY KEY)[0m
  [1m[36mActiveRecord::SchemaMigration Pluck (0.1ms)[0m  [1m[34mSELECT "schema_migrations"."version" FROM "schema_migrations" ORDER BY "schema_migrations"."version" ASC[0m
  [1m[35m (0.2ms)[0m  [1m[32mINSERT INTO "schema_migrations" (version) VALUES (20221110005311)[0m
  [1m[35m (0.9ms)[0m  [1m[35mCREATE TABLE "ar_internal_metadata" ("key" character varying NOT NULL PRIMARY KEY, "value" character varying, "created_at" timestamp(6) NOT NULL, "updated_at" timestamp(6) NOT NULL)[0m
  [1m[36mActiveRecord::InternalMetadata Load (0.1ms)[0m  [1m[34mSELECT "ar_internal_metadata".* FROM "ar_internal_metadata" WHERE "ar_internal_metadata"."key" = $1 LIMIT $2[0m  [["key", "environment"], ["LIMIT", 1]]
  [1m[36mTRANSACTION (0.0ms)[0m  [1m[35mBEGIN[0m
  [1m[36mActiveRecord::InternalMetadata Create (0.1ms)[0m  [1m[32mINSERT INTO "ar_internal_metadata" ("key", "value", "created_at", "updated_at") VALUES ($1, $2, $3, $4) RETURNING "key"[0m  [["key", "environment"], ["value", "development"], ["created_at", "2022-11-10 01:13:34.275317"], ["updated_at", "2022-11-10 01:13:34.275317"]]
  [1m[36mTRANSACTION (0.1ms)[0m  [1m[35mCOMMIT[0m
  [1m[36mActiveRecord::InternalMetadata Load (0.0ms)[0m  [1m[34mSELECT "ar_internal_metadata".* FROM "ar_internal_metadata" WHERE "ar_internal_metadata"."key" = $1 LIMIT $2[0m  [["key", "environment"], ["LIMIT", 1]]
  [1m[36mTRANSACTION (0.0ms)[0m  [1m[35mBEGIN[0m
  [1m[36mActiveRecord::InternalMetadata Update (0.1ms)[0m  [1m[33mUPDATE "ar_internal_metadata" SET "value" = $1, "updated_at" = $2 WHERE "ar_internal_metadata"."key" = $3[0m  [["value", "test"], ["updated_at", "2022-11-10 01:13:34.277310"], ["key", "environment"]]
  [1m[36mTRANSACTION (0.1ms)[0m  [1m[35mCOMMIT[0m
  [1m[36mActiveRecord::InternalMetadata Load (0.0ms)[0m  [1m[34mSELECT "ar_internal_metadata".* FROM "ar_internal_metadata" WHERE "ar_internal_metadata"."key" = $1 LIMIT $2[0m  [["key", "schema_sha1"], ["LIMIT", 1]]
  [1m[36mTRANSACTION (0.0ms)[0m  [1m[35mBEGIN[0m
  [1m[36mActiveRecord::InternalMetadata Create (0.1ms)[0m  [1m[32mINSERT INTO "ar_internal_metadata" ("key", "value", "created_at", "updated_at") VALUES ($1, $2, $3, $4) RETURNING "key"[0m  [["key", "schema_sha1"], ["value", "ec552f943f5786be6c8bcf09db128b5fa66c3e9b"], ["created_at", "2022-11-10 01:13:34.279125"], ["updated_at", "2022-11-10 01:13:34.279125"]]
  [1m[36mTRANSACTION (0.1ms)[0m  [1m[35mCOMMIT[0m
  [1m[36mActiveRecord::SchemaMigration Pluck (0.3ms)[0m  [1m[34mSELECT "schema_migrations"."version" FROM "schema_migrations" ORDER BY "schema_migrations"."version" ASC[0m
  [1m[36mTRANSACTION (0.1ms)[0m  [1m[35mBEGIN[0m
  [1m[36mUser Create (0.4ms)[0m  [1m[32mINSERT INTO "users" ("name", "email", "created_at", "updated_at") VALUES ($1, $2, $3, $4) RETURNING "id"[0m  [["name", "Alice"], ["email", "alice@gmail.com"], ["created_at", "2022-11-10 01:13:34.300779"], ["updated_at", "2022-11-10 01:13:34.300779"]]
  [1m[36mTRANSACTION (0.2ms)[0m  [1m[35mCOMMIT[0m
  [1m[36mTRANSACTION (0.0ms)[0m  [1m[35mBEGIN[0m
  [1m[36mUser Create (0.1ms)[0m  [1m[32mINSERT INTO "users" ("name", "email", "created_at", "updated_at") VALUES ($1, $2, $3, $4) RETURNING "id"[0m  [["name", "Bob"], ["email", "bob@gmail.com"], ["created_at", "2022-11-10 01:13:34.303007"], ["updated_at", "2022-11-10 01:13:34.303007"]]
  [1m[36mTRANSACTION (0.1ms)[0m  [1m[35mCOMMIT[0m
  [1m[36mTRANSACTION (0.0ms)[0m  [1m[35mBEGIN[0m
  [1m[36mUser Create (0.2ms)[0m  [1m[32mINSERT INTO "users" ("name", "email", "created_at", "updated_at") VALUES ($1, $2, $3, $4) RETURNING "id"[0m  [["name", "Charlie"], ["email", "charlie@gmail.com"], ["created_at", "2022-11-10 01:13:34.304332"], ["updated_at", "2022-11-10 01:13:34.304332"]]
  [1m[36mTRANSACTION (0.1ms)[0m  [1m[35mCOMMIT[0m
  [1m[36mTRANSACTION (0.0ms)[0m  [1m[35mBEGIN[0m
  [1m[36mUser Create (0.1ms)[0m  [1m[32mINSERT INTO "users" ("name", "email", "created_at", "updated_at") VALUES ($1, $2, $3, $4) RETURNING "id"[0m  [["name", "Dennis"], ["email", "dennis@gmail.com"], ["created_at", "2022-11-10 01:13:34.305946"], ["updated_at", "2022-11-10 01:13:34.305946"]]
  [1m[36mTRANSACTION (0.1ms)[0m  [1m[35mCOMMIT[0m
  [1m[36mTRANSACTION (0.0ms)[0m  [1m[35mBEGIN[0m
  [1m[36mUser Create (0.1ms)[0m  [1m[32mINSERT INTO "users" ("name", "email", "created_at", "updated_at") VALUES ($1, $2, $3, $4) RETURNING "id"[0m  [["name", "Edward"], ["email", "edward@gmail.com"], ["created_at", "2022-11-10 01:13:34.307395"], ["updated_at", "2022-11-10 01:13:34.307395"]]
  [1m[36mTRANSACTION (0.1ms)[0m  [1m[35mCOMMIT[0m
Started GET "/users/1" for ::1 at 2022-11-09 17:15:57 -0800
  [1m[36mActiveRecord::SchemaMigration Pluck (0.7ms)[0m  [1m[34mSELECT "schema_migrations"."version" FROM "schema_migrations" ORDER BY "schema_migrations"."version" ASC[0m
Processing by UsersController#show as */*
  Parameters: {"id"=>"1"}
Completed 200 OK in 0ms (Views: 0.1ms | ActiveRecord: 0.0ms | Allocations: 370)


Started GET "/users/1" for ::1 at 2022-11-09 17:17:52 -0800
Processing by UsersController#show as */*
  Parameters: {"id"=>"1"}
  [1m[36mUser Load (0.5ms)[0m  [1m[34mSELECT "users".* FROM "users" WHERE "users"."id" = $1 LIMIT $2[0m  [["id", 1], ["LIMIT", 1]]
  ↳ app/controllers/users_controller.rb:8:in `show'
Completed 200 OK in 17ms (Views: 0.4ms | ActiveRecord: 8.8ms | Allocations: 8712)


Started GET "/users/2" for ::1 at 2022-11-09 17:18:00 -0800
Processing by UsersController#show as */*
  Parameters: {"id"=>"2"}
  [1m[36mUser Load (0.6ms)[0m  [1m[34mSELECT "users".* FROM "users" WHERE "users"."id" = $1 LIMIT $2[0m  [["id", 2], ["LIMIT", 1]]
  ↳ app/controllers/users_controller.rb:8:in `show'
Completed 200 OK in 6ms (Views: 1.1ms | ActiveRecord: 0.6ms | Allocations: 723)


Started GET "/users/3" for ::1 at 2022-11-09 17:18:03 -0800
Processing by UsersController#show as */*
  Parameters: {"id"=>"3"}
  [1m[36mUser Load (0.4ms)[0m  [1m[34mSELECT "users".* FROM "users" WHERE "users"."id" = $1 LIMIT $2[0m  [["id", 3], ["LIMIT", 1]]
  ↳ app/controllers/users_controller.rb:8:in `show'
Completed 200 OK in 4ms (Views: 0.7ms | ActiveRecord: 0.4ms | Allocations: 649)


Started GET "/users/6" for ::1 at 2022-11-09 17:18:14 -0800
Processing by UsersController#show as */*
  Parameters: {"id"=>"6"}
  [1m[36mUser Load (0.3ms)[0m  [1m[34mSELECT "users".* FROM "users" WHERE "users"."id" = $1 LIMIT $2[0m  [["id", 6], ["LIMIT", 1]]
  ↳ app/controllers/users_controller.rb:8:in `show'
Completed 404 Not Found in 3ms (ActiveRecord: 0.3ms | Allocations: 1068)



ActiveRecord::RecordNotFound - Couldn't find User with 'id'=6:
  app/controllers/users_controller.rb:8:in `show'

Started GET "/users/3" for ::1 at 2022-11-09 17:18:36 -0800
Processing by UsersController#show as */*
  Parameters: {"id"=>"3"}
  [1m[36mUser Load (0.2ms)[0m  [1m[34mSELECT "users".* FROM "users" WHERE "users"."id" = $1 LIMIT $2[0m  [["id", 3], ["LIMIT", 1]]
  ↳ app/controllers/users_controller.rb:8:in `show'
Completed 200 OK in 17ms (Views: 5.4ms | ActiveRecord: 3.4ms | Allocations: 4012)


Started GET "/users/Charlie" for ::1 at 2022-11-09 17:18:52 -0800
Processing by UsersController#show as */*
  Parameters: {"id"=>"Charlie"}
  [1m[36mUser Load (0.2ms)[0m  [1m[34mSELECT "users".* FROM "users" WHERE "users"."name" = $1 LIMIT $2[0m  [["name", "Charlie"], ["LIMIT", 1]]
  ↳ app/controllers/users_controller.rb:8:in `show'
Completed 200 OK in 8ms (Views: 0.4ms | ActiveRecord: 3.4ms | Allocations: 3367)


Started GET "/users/Alice" for ::1 at 2022-11-09 17:18:57 -0800
Processing by UsersController#show as */*
  Parameters: {"id"=>"Alice"}
  [1m[36mUser Load (1.5ms)[0m  [1m[34mSELECT "users".* FROM "users" WHERE "users"."name" = $1 LIMIT $2[0m  [["name", "Alice"], ["LIMIT", 1]]
  ↳ app/controllers/users_controller.rb:8:in `show'
Completed 200 OK in 5ms (Views: 0.5ms | ActiveRecord: 1.5ms | Allocations: 642)


Started GET "/users/1" for ::1 at 2022-11-09 17:20:35 -0800
Processing by UsersController#show as */*
  Parameters: {"id"=>"1"}
  [1m[36mUser Load (0.2ms)[0m  [1m[34mSELECT "users".* FROM "users" WHERE "users"."id" = $1 LIMIT $2[0m  [["id", 1], ["LIMIT", 1]]
  ↳ app/controllers/users_controller.rb:8:in `show'
Completed 200 OK in 7ms (Views: 0.3ms | ActiveRecord: 3.1ms | Allocations: 3987)


Started DELETE "/users/1" for ::1 at 2022-11-09 17:20:49 -0800
Processing by UsersController#destroy as */*
  Parameters: {"id"=>"1"}
  [1m[36mUser Load (0.3ms)[0m  [1m[34mSELECT "users".* FROM "users" WHERE "users"."id" = $1 LIMIT $2[0m  [["id", 1], ["LIMIT", 1]]
  ↳ app/controllers/users_controller.rb:19:in `destroy'
  [1m[36mTRANSACTION (0.5ms)[0m  [1m[35mBEGIN[0m
  ↳ app/controllers/users_controller.rb:20:in `destroy'
  [1m[36mUser Destroy (1.7ms)[0m  [1m[31mDELETE FROM "users" WHERE "users"."id" = $1[0m  [["id", 1]]
  ↳ app/controllers/users_controller.rb:20:in `destroy'
  [1m[36mTRANSACTION (1.0ms)[0m  [1m[35mCOMMIT[0m
  ↳ app/controllers/users_controller.rb:20:in `destroy'
  [1m[36mUser Load (0.7ms)[0m  [1m[34mSELECT "users".* FROM "users"[0m
  ↳ app/controllers/users_controller.rb:21:in `destroy'
Completed 200 OK in 18ms (Views: 3.9ms | ActiveRecord: 4.3ms | Allocations: 3236)


Started DELETE "/users/4" for ::1 at 2022-11-09 17:21:08 -0800
Processing by UsersController#destroy as */*
  Parameters: {"id"=>"4"}
  [1m[36mUser Load (0.3ms)[0m  [1m[34mSELECT "users".* FROM "users" WHERE "users"."id" = $1 LIMIT $2[0m  [["id", 4], ["LIMIT", 1]]
  ↳ app/controllers/users_controller.rb:19:in `destroy'
  [1m[36mTRANSACTION (1.3ms)[0m  [1m[35mBEGIN[0m
  ↳ app/controllers/users_controller.rb:20:in `destroy'
  [1m[36mUser Destroy (0.6ms)[0m  [1m[31mDELETE FROM "users" WHERE "users"."id" = $1[0m  [["id", 4]]
  ↳ app/controllers/users_controller.rb:20:in `destroy'
  [1m[36mTRANSACTION (1.8ms)[0m  [1m[35mCOMMIT[0m
  ↳ app/controllers/users_controller.rb:20:in `destroy'
  [1m[36mUser Load (1.8ms)[0m  [1m[34mSELECT "users".* FROM "users"[0m
  ↳ app/controllers/users_controller.rb:21:in `destroy'
Completed 200 OK in 19ms (Views: 2.9ms | ActiveRecord: 5.8ms | Allocations: 2901)


Started GET "/users" for ::1 at 2022-11-09 17:23:05 -0800
Processing by UsersController#index as */*
Completed 200 OK in 0ms (Views: 0.1ms | ActiveRecord: 0.0ms | Allocations: 202)


Started GET "/users" for ::1 at 2022-11-09 17:23:19 -0800
Processing by UsersController#index as */*
  [1m[36mUser Load (0.3ms)[0m  [1m[34mSELECT "users".* FROM "users"[0m
  ↳ app/controllers/users_controller.rb:4:in `index'
Completed 200 OK in 9ms (Views: 2.9ms | ActiveRecord: 5.8ms | Allocations: 3428)


Started DELETE "/users/2" for ::1 at 2022-11-09 17:23:32 -0800
Processing by UsersController#destroy as */*
  Parameters: {"id"=>"2"}
  [1m[36mUser Load (0.3ms)[0m  [1m[34mSELECT "users".* FROM "users" WHERE "users"."id" = $1 LIMIT $2[0m  [["id", 2], ["LIMIT", 1]]
  ↳ app/controllers/users_controller.rb:19:in `destroy'
  [1m[36mTRANSACTION (0.7ms)[0m  [1m[35mBEGIN[0m
  ↳ app/controllers/users_controller.rb:20:in `destroy'
  [1m[36mUser Destroy (1.2ms)[0m  [1m[31mDELETE FROM "users" WHERE "users"."id" = $1[0m  [["id", 2]]
  ↳ app/controllers/users_controller.rb:20:in `destroy'
  [1m[36mTRANSACTION (3.0ms)[0m  [1m[35mCOMMIT[0m
  ↳ app/controllers/users_controller.rb:20:in `destroy'
Redirected to http://localhost:3000/users
Completed 302 Found in 17ms (ActiveRecord: 5.2ms | Allocations: 3221)


Started GET "/users" for ::1 at 2022-11-09 17:23:32 -0800
Processing by UsersController#index as */*
  [1m[36mUser Load (0.7ms)[0m  [1m[34mSELECT "users".* FROM "users"[0m
  ↳ app/controllers/users_controller.rb:4:in `index'
Completed 200 OK in 3ms (Views: 2.4ms | ActiveRecord: 0.7ms | Allocations: 870)


Started DELETE "/users/2" for ::1 at 2022-11-09 17:23:39 -0800
Processing by UsersController#destroy as */*
  Parameters: {"id"=>"2"}
  [1m[36mUser Load (0.6ms)[0m  [1m[34mSELECT "users".* FROM "users" WHERE "users"."id" = $1 LIMIT $2[0m  [["id", 2], ["LIMIT", 1]]
  ↳ app/controllers/users_controller.rb:19:in `destroy'
Completed 500 Internal Server Error in 9ms (ActiveRecord: 0.6ms | Allocations: 1893)



NoMethodError - undefined method `destroy' for nil:NilClass
    if user.destroy
           ^^^^^^^^:
  app/controllers/users_controller.rb:20:in `destroy'

Started DELETE "/users/2" for ::1 at 2022-11-09 17:24:30 -0800
Processing by UsersController#destroy as */*
  Parameters: {"id"=>"2"}
  [1m[36mUser Load (0.4ms)[0m  [1m[34mSELECT "users".* FROM "users" WHERE "users"."id" = $1 LIMIT $2[0m  [["id", 2], ["LIMIT", 1]]
  ↳ app/controllers/users_controller.rb:19:in `destroy'
Completed 500 Internal Server Error in 5ms (ActiveRecord: 2.0ms | Allocations: 3064)



RuntimeError - user not found:
  app/controllers/users_controller.rb:21:in `destroy'

Started DELETE "/users/2" for ::1 at 2022-11-09 17:24:42 -0800
Processing by UsersController#destroy as */*
  Parameters: {"id"=>"2"}
  [1m[36mUser Load (0.2ms)[0m  [1m[34mSELECT "users".* FROM "users" WHERE "users"."id" = $1 LIMIT $2[0m  [["id", 2], ["LIMIT", 1]]
  ↳ app/controllers/users_controller.rb:19:in `destroy'
Completed 500 Internal Server Error in 5ms (ActiveRecord: 2.2ms | Allocations: 3055)



RuntimeError - user not found:
  app/controllers/users_controller.rb:21:in `destroy'

Started GET "/users" for ::1 at 2022-11-09 17:24:50 -0800
Processing by UsersController#index as */*
  [1m[36mUser Load (0.7ms)[0m  [1m[34mSELECT "users".* FROM "users"[0m
  ↳ app/controllers/users_controller.rb:4:in `index'
Completed 200 OK in 13ms (Views: 7.3ms | ActiveRecord: 5.6ms | Allocations: 2155)


Started DELETE "/users/5" for ::1 at 2022-11-09 17:25:08 -0800
Processing by UsersController#destroy as */*
  Parameters: {"id"=>"5"}
  [1m[36mUser Load (0.8ms)[0m  [1m[34mSELECT "users".* FROM "users" WHERE "users"."id" = $1 LIMIT $2[0m  [["id", 5], ["LIMIT", 1]]
  ↳ app/controllers/users_controller.rb:19:in `destroy'
  [1m[36mTRANSACTION (3.2ms)[0m  [1m[35mBEGIN[0m
  ↳ app/controllers/users_controller.rb:23:in `destroy'
  [1m[36mUser Destroy (2.4ms)[0m  [1m[31mDELETE FROM "users" WHERE "users"."id" = $1[0m  [["id", 5]]
  ↳ app/controllers/users_controller.rb:23:in `destroy'
  [1m[36mTRANSACTION (0.9ms)[0m  [1m[35mCOMMIT[0m
  ↳ app/controllers/users_controller.rb:23:in `destroy'
Redirected to http://localhost:3000/users
Completed 302 Found in 19ms (ActiveRecord: 7.4ms | Allocations: 2165)


Started GET "/users" for ::1 at 2022-11-09 17:25:08 -0800
Processing by UsersController#index as */*
  [1m[36mUser Load (0.2ms)[0m  [1m[34mSELECT "users".* FROM "users"[0m
  ↳ app/controllers/users_controller.rb:4:in `index'
Completed 200 OK in 2ms (Views: 1.7ms | ActiveRecord: 0.2ms | Allocations: 780)


Started GET "/users" for ::1 at 2022-11-09 17:25:12 -0800
Processing by UsersController#index as */*
  [1m[36mUser Load (1.1ms)[0m  [1m[34mSELECT "users".* FROM "users"[0m
  ↳ app/controllers/users_controller.rb:4:in `index'
Completed 200 OK in 8ms (Views: 6.0ms | ActiveRecord: 1.1ms | Allocations: 780)


Started GET "/users" for ::1 at 2022-11-09 20:12:57 -0800
Processing by UsersController#index as HTML
  [1m[36mUser Load (0.5ms)[0m  [1m[34mSELECT "users".* FROM "users"[0m
  ↳ app/controllers/users_controller.rb:4:in `index'
Completed 200 OK in 20ms (Views: 19.2ms | ActiveRecord: 10.0ms | Allocations: 6020)


  [1m[36mActiveRecord::SchemaMigration Pluck (0.7ms)[0m  [1m[34mSELECT "schema_migrations"."version" FROM "schema_migrations" ORDER BY "schema_migrations"."version" ASC[0m
  [1m[36mActiveRecord::InternalMetadata Pluck (1.0ms)[0m  [1m[34mSELECT "ar_internal_metadata"."value" FROM "ar_internal_metadata" WHERE "ar_internal_metadata"."key" = $1 LIMIT $2[0m  [["key", "environment"], ["LIMIT", 1]]
  [1m[36mActiveRecord::SchemaMigration Pluck (0.2ms)[0m  [1m[34mSELECT "schema_migrations"."version" FROM "schema_migrations" ORDER BY "schema_migrations"."version" ASC[0m
  [1m[36mActiveRecord::InternalMetadata Pluck (0.2ms)[0m  [1m[34mSELECT "ar_internal_metadata"."value" FROM "ar_internal_metadata" WHERE "ar_internal_metadata"."key" = $1 LIMIT $2[0m  [["key", "environment"], ["LIMIT", 1]]
  [1m[36mActiveRecord::SchemaMigration Pluck (0.2ms)[0m  [1m[34mSELECT "schema_migrations"."version" FROM "schema_migrations" ORDER BY "schema_migrations"."version" ASC[0m
  [1m[36mActiveRecord::InternalMetadata Pluck (0.1ms)[0m  [1m[34mSELECT "ar_internal_metadata"."value" FROM "ar_internal_metadata" WHERE "ar_internal_metadata"."key" = $1 LIMIT $2[0m  [["key", "environment"], ["LIMIT", 1]]
  [1m[35m (5047.9ms)[0m  [1m[35mDROP DATABASE IF EXISTS "first_routes_n_controllers_development"[0m
  [1m[36mActiveRecord::SchemaMigration Pluck (0.8ms)[0m  [1m[34mSELECT "schema_migrations"."version" FROM "schema_migrations" ORDER BY "schema_migrations"."version" ASC[0m
  [1m[36mActiveRecord::InternalMetadata Pluck (0.4ms)[0m  [1m[34mSELECT "ar_internal_metadata"."value" FROM "ar_internal_metadata" WHERE "ar_internal_metadata"."key" = $1 LIMIT $2[0m  [["key", "environment"], ["LIMIT", 1]]
  [1m[36mActiveRecord::SchemaMigration Pluck (0.1ms)[0m  [1m[34mSELECT "schema_migrations"."version" FROM "schema_migrations" ORDER BY "schema_migrations"."version" ASC[0m
  [1m[36mActiveRecord::InternalMetadata Pluck (0.1ms)[0m  [1m[34mSELECT "ar_internal_metadata"."value" FROM "ar_internal_metadata" WHERE "ar_internal_metadata"."key" = $1 LIMIT $2[0m  [["key", "environment"], ["LIMIT", 1]]
  [1m[36mActiveRecord::SchemaMigration Pluck (0.2ms)[0m  [1m[34mSELECT "schema_migrations"."version" FROM "schema_migrations" ORDER BY "schema_migrations"."version" ASC[0m
  [1m[36mActiveRecord::InternalMetadata Pluck (0.1ms)[0m  [1m[34mSELECT "ar_internal_metadata"."value" FROM "ar_internal_metadata" WHERE "ar_internal_metadata"."key" = $1 LIMIT $2[0m  [["key", "environment"], ["LIMIT", 1]]
  [1m[35m (5047.5ms)[0m  [1m[35mDROP DATABASE IF EXISTS "first_routes_n_controllers_development"[0m
  [1m[36mActiveRecord::SchemaMigration Pluck (0.5ms)[0m  [1m[34mSELECT "schema_migrations"."version" FROM "schema_migrations" ORDER BY "schema_migrations"."version" ASC[0m
  [1m[36mActiveRecord::InternalMetadata Pluck (0.2ms)[0m  [1m[34mSELECT "ar_internal_metadata"."value" FROM "ar_internal_metadata" WHERE "ar_internal_metadata"."key" = $1 LIMIT $2[0m  [["key", "environment"], ["LIMIT", 1]]
  [1m[36mActiveRecord::SchemaMigration Pluck (0.0ms)[0m  [1m[34mSELECT "schema_migrations"."version" FROM "schema_migrations" ORDER BY "schema_migrations"."version" ASC[0m
  [1m[36mActiveRecord::InternalMetadata Pluck (0.1ms)[0m  [1m[34mSELECT "ar_internal_metadata"."value" FROM "ar_internal_metadata" WHERE "ar_internal_metadata"."key" = $1 LIMIT $2[0m  [["key", "environment"], ["LIMIT", 1]]
  [1m[36mActiveRecord::SchemaMigration Pluck (0.0ms)[0m  [1m[34mSELECT "schema_migrations"."version" FROM "schema_migrations" ORDER BY "schema_migrations"."version" ASC[0m
  [1m[36mActiveRecord::InternalMetadata Pluck (0.0ms)[0m  [1m[34mSELECT "ar_internal_metadata"."value" FROM "ar_internal_metadata" WHERE "ar_internal_metadata"."key" = $1 LIMIT $2[0m  [["key", "environment"], ["LIMIT", 1]]
  [1m[35m (18.3ms)[0m  [1m[35mDROP DATABASE IF EXISTS "first_routes_n_controllers_development"[0m
  [1m[35m (25.0ms)[0m  [1m[35mDROP DATABASE IF EXISTS "first_routes_n_controllers_test"[0m
  [1m[35m (78.8ms)[0m  [1m[35mCREATE DATABASE "first_routes_n_controllers_development" ENCODING = 'unicode'[0m
  [1m[35m (42.9ms)[0m  [1m[35mCREATE DATABASE "first_routes_n_controllers_test" ENCODING = 'unicode'[0m
  [1m[35mSQL (0.1ms)[0m  [1m[35mCREATE EXTENSION IF NOT EXISTS "plpgsql"[0m
  [1m[35m (0.0ms)[0m  [1m[35mDROP TABLE IF EXISTS "users" CASCADE[0m
  [1m[35m (2.3ms)[0m  [1m[35mCREATE TABLE "users" ("id" bigserial primary key, "name" character varying NOT NULL, "email" character varying NOT NULL, "created_at" timestamp(6) NOT NULL, "updated_at" timestamp(6) NOT NULL)[0m
  [1m[35m (2.0ms)[0m  [1m[35mCREATE TABLE "schema_migrations" ("version" character varying NOT NULL PRIMARY KEY)[0m
  [1m[36mActiveRecord::SchemaMigration Pluck (0.2ms)[0m  [1m[34mSELECT "schema_migrations"."version" FROM "schema_migrations" ORDER BY "schema_migrations"."version" ASC[0m
  [1m[35m (0.2ms)[0m  [1m[32mINSERT INTO "schema_migrations" (version) VALUES (20221110005311)[0m
  [1m[35m (1.0ms)[0m  [1m[35mCREATE TABLE "ar_internal_metadata" ("key" character varying NOT NULL PRIMARY KEY, "value" character varying, "created_at" timestamp(6) NOT NULL, "updated_at" timestamp(6) NOT NULL)[0m
  [1m[36mActiveRecord::InternalMetadata Load (0.1ms)[0m  [1m[34mSELECT "ar_internal_metadata".* FROM "ar_internal_metadata" WHERE "ar_internal_metadata"."key" = $1 LIMIT $2[0m  [["key", "environment"], ["LIMIT", 1]]
  [1m[36mTRANSACTION (0.0ms)[0m  [1m[35mBEGIN[0m
  [1m[36mActiveRecord::InternalMetadata Create (0.2ms)[0m  [1m[32mINSERT INTO "ar_internal_metadata" ("key", "value", "created_at", "updated_at") VALUES ($1, $2, $3, $4) RETURNING "key"[0m  [["key", "environment"], ["value", "development"], ["created_at", "2022-11-10 04:15:54.894173"], ["updated_at", "2022-11-10 04:15:54.894173"]]
  [1m[36mTRANSACTION (0.1ms)[0m  [1m[35mCOMMIT[0m
  [1m[36mActiveRecord::InternalMetadata Load (0.0ms)[0m  [1m[34mSELECT "ar_internal_metadata".* FROM "ar_internal_metadata" WHERE "ar_internal_metadata"."key" = $1 LIMIT $2[0m  [["key", "environment"], ["LIMIT", 1]]
  [1m[36mActiveRecord::InternalMetadata Load (0.1ms)[0m  [1m[34mSELECT "ar_internal_metadata".* FROM "ar_internal_metadata" WHERE "ar_internal_metadata"."key" = $1 LIMIT $2[0m  [["key", "schema_sha1"], ["LIMIT", 1]]
  [1m[36mTRANSACTION (0.0ms)[0m  [1m[35mBEGIN[0m
  [1m[36mActiveRecord::InternalMetadata Create (0.1ms)[0m  [1m[32mINSERT INTO "ar_internal_metadata" ("key", "value", "created_at", "updated_at") VALUES ($1, $2, $3, $4) RETURNING "key"[0m  [["key", "schema_sha1"], ["value", "ec552f943f5786be6c8bcf09db128b5fa66c3e9b"], ["created_at", "2022-11-10 04:15:54.897262"], ["updated_at", "2022-11-10 04:15:54.897262"]]
  [1m[36mTRANSACTION (0.1ms)[0m  [1m[35mCOMMIT[0m
  [1m[35mSQL (0.1ms)[0m  [1m[35mCREATE EXTENSION IF NOT EXISTS "plpgsql"[0m
  [1m[35m (0.0ms)[0m  [1m[35mDROP TABLE IF EXISTS "users" CASCADE[0m
  [1m[35m (2.2ms)[0m  [1m[35mCREATE TABLE "users" ("id" bigserial primary key, "name" character varying NOT NULL, "email" character varying NOT NULL, "created_at" timestamp(6) NOT NULL, "updated_at" timestamp(6) NOT NULL)[0m
  [1m[35m (0.9ms)[0m  [1m[35mCREATE TABLE "schema_migrations" ("version" character varying NOT NULL PRIMARY KEY)[0m
  [1m[36mActiveRecord::SchemaMigration Pluck (0.1ms)[0m  [1m[34mSELECT "schema_migrations"."version" FROM "schema_migrations" ORDER BY "schema_migrations"."version" ASC[0m
  [1m[35m (0.1ms)[0m  [1m[32mINSERT INTO "schema_migrations" (version) VALUES (20221110005311)[0m
  [1m[35m (0.8ms)[0m  [1m[35mCREATE TABLE "ar_internal_metadata" ("key" character varying NOT NULL PRIMARY KEY, "value" character varying, "created_at" timestamp(6) NOT NULL, "updated_at" timestamp(6) NOT NULL)[0m
  [1m[36mActiveRecord::InternalMetadata Load (0.1ms)[0m  [1m[34mSELECT "ar_internal_metadata".* FROM "ar_internal_metadata" WHERE "ar_internal_metadata"."key" = $1 LIMIT $2[0m  [["key", "environment"], ["LIMIT", 1]]
  [1m[36mTRANSACTION (0.0ms)[0m  [1m[35mBEGIN[0m
  [1m[36mActiveRecord::InternalMetadata Create (0.1ms)[0m  [1m[32mINSERT INTO "ar_internal_metadata" ("key", "value", "created_at", "updated_at") VALUES ($1, $2, $3, $4) RETURNING "key"[0m  [["key", "environment"], ["value", "development"], ["created_at", "2022-11-10 04:15:54.913143"], ["updated_at", "2022-11-10 04:15:54.913143"]]
  [1m[36mTRANSACTION (0.1ms)[0m  [1m[35mCOMMIT[0m
  [1m[36mActiveRecord::InternalMetadata Load (0.0ms)[0m  [1m[34mSELECT "ar_internal_metadata".* FROM "ar_internal_metadata" WHERE "ar_internal_metadata"."key" = $1 LIMIT $2[0m  [["key", "environment"], ["LIMIT", 1]]
  [1m[36mTRANSACTION (0.0ms)[0m  [1m[35mBEGIN[0m
  [1m[36mActiveRecord::InternalMetadata Update (0.1ms)[0m  [1m[33mUPDATE "ar_internal_metadata" SET "value" = $1, "updated_at" = $2 WHERE "ar_internal_metadata"."key" = $3[0m  [["value", "test"], ["updated_at", "2022-11-10 04:15:54.915194"], ["key", "environment"]]
  [1m[36mTRANSACTION (0.1ms)[0m  [1m[35mCOMMIT[0m
  [1m[36mActiveRecord::InternalMetadata Load (0.0ms)[0m  [1m[34mSELECT "ar_internal_metadata".* FROM "ar_internal_metadata" WHERE "ar_internal_metadata"."key" = $1 LIMIT $2[0m  [["key", "schema_sha1"], ["LIMIT", 1]]
  [1m[36mTRANSACTION (0.0ms)[0m  [1m[35mBEGIN[0m
  [1m[36mActiveRecord::InternalMetadata Create (0.1ms)[0m  [1m[32mINSERT INTO "ar_internal_metadata" ("key", "value", "created_at", "updated_at") VALUES ($1, $2, $3, $4) RETURNING "key"[0m  [["key", "schema_sha1"], ["value", "ec552f943f5786be6c8bcf09db128b5fa66c3e9b"], ["created_at", "2022-11-10 04:15:54.916846"], ["updated_at", "2022-11-10 04:15:54.916846"]]
  [1m[36mTRANSACTION (0.1ms)[0m  [1m[35mCOMMIT[0m
  [1m[36mActiveRecord::SchemaMigration Pluck (0.2ms)[0m  [1m[34mSELECT "schema_migrations"."version" FROM "schema_migrations" ORDER BY "schema_migrations"."version" ASC[0m
  [1m[36mTRANSACTION (0.0ms)[0m  [1m[35mBEGIN[0m
  [1m[36mUser Create (0.2ms)[0m  [1m[32mINSERT INTO "users" ("name", "email", "created_at", "updated_at") VALUES ($1, $2, $3, $4) RETURNING "id"[0m  [["name", "Alice"], ["email", "alice@gmail.com"], ["created_at", "2022-11-10 04:15:54.935687"], ["updated_at", "2022-11-10 04:15:54.935687"]]
  [1m[36mTRANSACTION (0.1ms)[0m  [1m[35mCOMMIT[0m
  [1m[36mTRANSACTION (0.0ms)[0m  [1m[35mBEGIN[0m
  [1m[36mUser Create (0.1ms)[0m  [1m[32mINSERT INTO "users" ("name", "email", "created_at", "updated_at") VALUES ($1, $2, $3, $4) RETURNING "id"[0m  [["name", "Bob"], ["email", "bob@gmail.com"], ["created_at", "2022-11-10 04:15:54.937214"], ["updated_at", "2022-11-10 04:15:54.937214"]]
  [1m[36mTRANSACTION (0.1ms)[0m  [1m[35mCOMMIT[0m
  [1m[36mTRANSACTION (0.0ms)[0m  [1m[35mBEGIN[0m
  [1m[36mUser Create (0.1ms)[0m  [1m[32mINSERT INTO "users" ("name", "email", "created_at", "updated_at") VALUES ($1, $2, $3, $4) RETURNING "id"[0m  [["name", "Charlie"], ["email", "charlie@gmail.com"], ["created_at", "2022-11-10 04:15:54.938382"], ["updated_at", "2022-11-10 04:15:54.938382"]]
  [1m[36mTRANSACTION (0.1ms)[0m  [1m[35mCOMMIT[0m
  [1m[36mTRANSACTION (0.0ms)[0m  [1m[35mBEGIN[0m
  [1m[36mUser Create (0.0ms)[0m  [1m[32mINSERT INTO "users" ("name", "email", "created_at", "updated_at") VALUES ($1, $2, $3, $4) RETURNING "id"[0m  [["name", "Dennis"], ["email", "dennis@gmail.com"], ["created_at", "2022-11-10 04:15:54.939533"], ["updated_at", "2022-11-10 04:15:54.939533"]]
  [1m[36mTRANSACTION (0.1ms)[0m  [1m[35mCOMMIT[0m
  [1m[36mTRANSACTION (0.0ms)[0m  [1m[35mBEGIN[0m
  [1m[36mUser Create (0.0ms)[0m  [1m[32mINSERT INTO "users" ("name", "email", "created_at", "updated_at") VALUES ($1, $2, $3, $4) RETURNING "id"[0m  [["name", "Edward"], ["email", "edward@gmail.com"], ["created_at", "2022-11-10 04:15:54.940657"], ["updated_at", "2022-11-10 04:15:54.940657"]]
  [1m[36mTRANSACTION (0.1ms)[0m  [1m[35mCOMMIT[0m
Started GET "/users" for ::1 at 2022-11-09 20:16:10 -0800
  [1m[36mActiveRecord::SchemaMigration Pluck (0.4ms)[0m  [1m[34mSELECT "schema_migrations"."version" FROM "schema_migrations" ORDER BY "schema_migrations"."version" ASC[0m
Processing by UsersController#index as HTML
  [1m[36mUser Load (0.6ms)[0m  [1m[34mSELECT "users".* FROM "users"[0m
  ↳ app/controllers/users_controller.rb:4:in `index'
Completed 200 OK in 10ms (Views: 4.3ms | ActiveRecord: 5.2ms | Allocations: 6491)


Started GET "/users" for ::1 at 2022-11-09 20:31:34 -0800
Processing by UsersController#index as */*
  [1m[36mUser Load (0.6ms)[0m  [1m[34mSELECT "users".* FROM "users"[0m
  ↳ app/controllers/users_controller.rb:4:in `index'
Completed 200 OK in 28ms (Views: 27.3ms | ActiveRecord: 7.0ms | Allocations: 4146)


Started GET "/users" for ::1 at 2022-11-09 22:21:48 -0800
Processing by UsersController#index as */*
  [1m[36mUser Load (1.6ms)[0m  [1m[34mSELECT "users".* FROM "users"[0m
  ↳ app/controllers/users_controller.rb:4:in `index'
Completed 200 OK in 26ms (Views: 24.8ms | ActiveRecord: 11.5ms | Allocations: 6333)


Started GET "/users/1" for ::1 at 2022-11-09 22:22:02 -0800
Processing by UsersController#show as */*
  Parameters: {"id"=>"1"}
  [1m[36mUser Load (0.3ms)[0m  [1m[34mSELECT "users".* FROM "users" WHERE "users"."id" = $1 LIMIT $2[0m  [["id", 1], ["LIMIT", 1]]
  ↳ app/controllers/users_controller.rb:8:in `show'
Completed 200 OK in 18ms (Views: 0.2ms | ActiveRecord: 0.7ms | Allocations: 3740)


Started GET "/users/1?name=Alice%20Cooper" for ::1 at 2022-11-09 22:22:23 -0800
Processing by UsersController#show as */*
  Parameters: {"name"=>"Alice Cooper", "id"=>"1"}
  [1m[36mUser Load (0.4ms)[0m  [1m[34mSELECT "users".* FROM "users" WHERE "users"."id" = $1 LIMIT $2[0m  [["id", 1], ["LIMIT", 1]]
  ↳ app/controllers/users_controller.rb:8:in `show'
Completed 200 OK in 7ms (Views: 0.4ms | ActiveRecord: 0.4ms | Allocations: 650)


Started PUT "/users/1?name=Alice%20Cooper" for ::1 at 2022-11-09 22:22:35 -0800
Processing by UsersController#update as */*
  Parameters: {"name"=>"Alice Cooper", "id"=>"1"}
  [1m[36mUser Load (0.3ms)[0m  [1m[34mSELECT "users".* FROM "users" WHERE "users"."id" = $1 LIMIT $2[0m  [["id", 1], ["LIMIT", 1]]
  ↳ app/controllers/users_controller.rb:18:in `update'
Completed 400 Bad Request in 8ms (ActiveRecord: 0.3ms | Allocations: 1178)



ActionController::ParameterMissing - param is missing or the value is empty: user:
  app/controllers/users_controller.rb:38:in `user_params'
  app/controllers/users_controller.rb:19:in `update'

Started PATCH "/users/1?name=Alice%20Cooper" for ::1 at 2022-11-09 22:23:47 -0800
Processing by UsersController#update as */*
  Parameters: {"name"=>"Alice Cooper", "id"=>"1"}
  [1m[36mUser Load (0.4ms)[0m  [1m[34mSELECT "users".* FROM "users" WHERE "users"."id" = $1 LIMIT $2[0m  [["id", 1], ["LIMIT", 1]]
  ↳ app/controllers/users_controller.rb:18:in `update'
Completed 400 Bad Request in 5ms (ActiveRecord: 0.4ms | Allocations: 1085)



ActionController::ParameterMissing - param is missing or the value is empty: user:
  app/controllers/users_controller.rb:38:in `user_params'
  app/controllers/users_controller.rb:19:in `update'

Started PATCH "/users/1?user[name]=Alice%20Cooper" for ::1 at 2022-11-09 22:23:59 -0800
Processing by UsersController#update as */*
  Parameters: {"user"=>{"name"=>"Alice Cooper"}, "id"=>"1"}
  [1m[36mUser Load (0.4ms)[0m  [1m[34mSELECT "users".* FROM "users" WHERE "users"."id" = $1 LIMIT $2[0m  [["id", 1], ["LIMIT", 1]]
  ↳ app/controllers/users_controller.rb:18:in `update'
  [1m[36mTRANSACTION (0.3ms)[0m  [1m[35mBEGIN[0m
  ↳ app/controllers/users_controller.rb:19:in `update'
  [1m[36mUser Update (5.3ms)[0m  [1m[33mUPDATE "users" SET "name" = $1, "updated_at" = $2 WHERE "users"."id" = $3[0m  [["name", "Alice Cooper"], ["updated_at", "2022-11-10 06:23:59.761773"], ["id", 1]]
  ↳ app/controllers/users_controller.rb:19:in `update'
  [1m[36mTRANSACTION (1.8ms)[0m  [1m[35mCOMMIT[0m
  ↳ app/controllers/users_controller.rb:19:in `update'
Completed 200 OK in 18ms (Views: 0.2ms | ActiveRecord: 7.8ms | Allocations: 3945)


Started PUT "/users/1?user[name]=Alice%20Coopers" for ::1 at 2022-11-09 22:24:11 -0800
Processing by UsersController#update as */*
  Parameters: {"user"=>{"name"=>"Alice Coopers"}, "id"=>"1"}
  [1m[36mUser Load (0.5ms)[0m  [1m[34mSELECT "users".* FROM "users" WHERE "users"."id" = $1 LIMIT $2[0m  [["id", 1], ["LIMIT", 1]]
  ↳ app/controllers/users_controller.rb:18:in `update'
  [1m[36mTRANSACTION (0.6ms)[0m  [1m[35mBEGIN[0m
  ↳ app/controllers/users_controller.rb:19:in `update'
  [1m[36mUser Update (0.7ms)[0m  [1m[33mUPDATE "users" SET "name" = $1, "updated_at" = $2 WHERE "users"."id" = $3[0m  [["name", "Alice Coopers"], ["updated_at", "2022-11-10 06:24:11.111100"], ["id", 1]]
  ↳ app/controllers/users_controller.rb:19:in `update'
  [1m[36mTRANSACTION (5.1ms)[0m  [1m[35mCOMMIT[0m
  ↳ app/controllers/users_controller.rb:19:in `update'
Completed 200 OK in 14ms (Views: 0.4ms | ActiveRecord: 6.9ms | Allocations: 2424)


Started PUT "/users/1?user[name]=Alice" for ::1 at 2022-11-09 22:24:14 -0800
Processing by UsersController#update as */*
  Parameters: {"user"=>{"name"=>"Alice"}, "id"=>"1"}
  [1m[36mUser Load (0.5ms)[0m  [1m[34mSELECT "users".* FROM "users" WHERE "users"."id" = $1 LIMIT $2[0m  [["id", 1], ["LIMIT", 1]]
  ↳ app/controllers/users_controller.rb:18:in `update'
  [1m[36mTRANSACTION (3.6ms)[0m  [1m[35mBEGIN[0m
  ↳ app/controllers/users_controller.rb:19:in `update'
  [1m[36mUser Update (1.1ms)[0m  [1m[33mUPDATE "users" SET "name" = $1, "updated_at" = $2 WHERE "users"."id" = $3[0m  [["name", "Alice"], ["updated_at", "2022-11-10 06:24:14.915304"], ["id", 1]]
  ↳ app/controllers/users_controller.rb:19:in `update'
  [1m[36mTRANSACTION (3.6ms)[0m  [1m[35mCOMMIT[0m
  ↳ app/controllers/users_controller.rb:19:in `update'
Completed 200 OK in 18ms (Views: 0.2ms | ActiveRecord: 8.8ms | Allocations: 2424)


